<?xml version="1.0" encoding="UTF-8"?>
<!-- Generated by org.testng.reporters.JUnitReportReporter -->
<testsuite hostname="LAPTOP-V0A9ODO0" name="script.ValidLogin" tests="1" failures="0" timestamp="19 Oct 2021 03:26:27 GMT" time="42.245" errors="0">
  <testcase name="testValidLogin" time="42.245" classname="script.ValidLogin"/>
</testsuite> <!-- script.ValidLogin -->
