<?xml version="1.0" encoding="UTF-8"?>
<!-- Generated by org.testng.reporters.JUnitReportReporter -->
<testsuite hostname="LAPTOP-V0A9ODO0" name="script.Demo2" tests="1" failures="0" timestamp="14 Oct 2021 03:02:31 GMT" time="0.002" errors="0">
  <testcase name="testB" time="0.002" classname="script.Demo2"/>
</testsuite> <!-- script.Demo2 -->
