<?xml version="1.0" encoding="UTF-8"?>
<!-- Generated by org.testng.reporters.JUnitReportReporter -->
<testsuite hostname="LAPTOP-V0A9ODO0" name="script.InvalidLogin" tests="1" failures="0" timestamp="19 Oct 2021 02:43:49 GMT" time="68.877" errors="0">
  <testcase name="testInvalidLogin" time="68.877" classname="script.InvalidLogin"/>
</testsuite> <!-- script.InvalidLogin -->
