<?xml version="1.0" encoding="UTF-8"?>
<!-- Generated by org.testng.reporters.JUnitReportReporter -->
<testsuite hostname="LAPTOP-V0A9ODO0" name="script.Demo3" tests="1" failures="0" timestamp="14 Oct 2021 03:02:31 GMT" time="0.001" errors="0">
  <testcase name="testC" time="0.001" classname="script.Demo3"/>
</testsuite> <!-- script.Demo3 -->
